2	0 1 
2	0.00508374 0.994916 
2	0 1 
2	0.0111036 0.988896 
1	1 0 
2	0.02312 0.97688 
2	0.311355 0.688645 
2	0.0802538 0.919746 
2	0 1 
1	0.950078 0.0499223 
2	0.00990225 0.990098 
2	0.0151681 0.984832 
1	0.999311 0.000689195 
1	0.980758 0.0192423 
2	7.63736e-005 0.999924 
2	0.00462718 0.995373 
2	0 1 
1	0.999864 0.000136409 
1	0.73981 0.26019 
1	1 0 
2	0.0155747 0.984425 
1	1 0 
1	1 0 
2	0.0843312 0.915669 
2	0.0017738 0.998226 
2	0.00102255 0.998977 
2	0.0242477 0.975752 
1	0.981775 0.0182249 
2	0.0459108 0.954089 
2	0 1 
2	0.000199932 0.9998 
2	0.00115592 0.998844 
1	1 0 
2	0.116846 0.883154 
1	0.999735 0.000265043 
2	0.309708 0.690292 
2	0.0501225 0.949878 
2	0.0225477 0.977452 
2	0 1 
2	0.00269748 0.997303 
2	0.0426573 0.957343 
2	0.00332009 0.99668 
1	0.911933 0.0880674 
2	0.0850444 0.914956 
2	0.000548714 0.999451 
2	7.20319e-005 0.999928 
2	0.00127054 0.998729 
2	0.0498225 0.950177 
1	0.917732 0.0822678 
2	0.00781092 0.992189 
2	0.000346763 0.999653 
2	0.0132851 0.986715 
1	0.999725 0.000275464 
2	0.0478276 0.952172 
2	0.00742232 0.992578 
2	0.124238 0.875762 
2	0.246669 0.753331 
2	0.454987 0.545013 
2	0 1 
2	0.0421345 0.957866 
2	0.228915 0.771085 
1	1 0 
1	0.993918 0.00608168 
1	1 0 
2	0.147034 0.852966 
1	0.999745 0.000254519 
1	0.997239 0.00276098 
1	1 0 
1	1 0 
2	0.0123778 0.987622 
2	0 1 
2	0.0558875 0.944112 
1	0.980849 0.019151 
2	0.000823063 0.999177 
1	0.962539 0.0374609 
1	0.980604 0.0193961 
2	0.0291574 0.970843 
2	0.000978304 0.999022 
2	0.0991658 0.900834 
2	0.400962 0.599038 
2	0.245068 0.754932 
2	7.47971e-005 0.999925 
1	0.707771 0.292229 
2	0.336968 0.663032 
1	1 0 
2	0 1 
2	0.00123713 0.998763 
2	0.000204585 0.999795 
2	0.0100003 0.99 
2	0.0570813 0.942919 
1	1 0 
1	0.576914 0.423086 
2	0.0163868 0.983613 
1	0.998129 0.00187144 
2	0 1 
1	0.999371 0.000629225 
2	0.304992 0.695008 
2	0.0312906 0.968709 
1	0.794315 0.205685 
1	0.96961 0.0303903 
1	1 0 
2	0.0480739 0.951926 
2	7.20319e-005 0.999928 
2	0.00675481 0.993245 
2	0.0541237 0.945876 
1	0.995983 0.00401704 
2	0.0832081 0.916792 
1	1 0 
2	0 1 
1	0.997294 0.00270558 
1	1 0 
2	0.177934 0.822066 
1	1 0 
2	0.00702158 0.992978 
2	0.0991658 0.900834 
2	0 1 
1	0.975143 0.0248573 
2	0.220154 0.779846 
2	0.035943 0.964057 
2	0 1 
1	1 0 
1	0.999816 0.000183516 
2	0 1 
2	0.0102536 0.989746 
2	0.273339 0.726661 
2	0 1 
1	1 0 
2	0.0284158 0.971584 
2	0.158589 0.841411 
2	0.000870614 0.999129 
1	1 0 
2	0.0118582 0.988142 
1	0.960091 0.0399092 
2	0.00165291 0.998347 
1	0.688626 0.311375 
2	0 1 
1	0.984279 0.0157212 
2	0.0107028 0.989297 
2	0.227008 0.772992 
1	0.980604 0.0193961 
2	0.000772339 0.999228 
1	1 0 
2	0.0831871 0.916813 
1	0.949853 0.0501472 
2	0.168904 0.831096 
2	0 1 
2	0.102664 0.897336 
1	0.991469 0.0085309 
2	0.0190926 0.980907 
2	0.00464245 0.995358 
2	0.000210968 0.999789 
1	1 0 
2	5.22475e-005 0.999948 
1	0.939093 0.0609071 
2	0.000293529 0.999706 
2	0 1 
2	7.49079e-005 0.999925 
2	0.000160509 0.999839 
2	0.0269779 0.973022 
2	0.0357479 0.964252 
2	0.00865268 0.991347 
2	0.00773911 0.992261 
2	0.058597 0.941403 
1	1 0 
2	0.00157902 0.998421 
1	0.92938 0.0706197 
1	0.973387 0.0266134 
2	0 1 
2	0.00629792 0.993702 
2	0.00177045 0.99823 
1	0.982695 0.0173049 
1	0.979297 0.0207028 
2	0.00120035 0.9988 
2	0.000683168 0.999317 
2	0.00499135 0.995009 
1	0.793596 0.206404 
2	0.00874194 0.991258 
2	0.29156 0.70844 
2	0.384053 0.615947 
2	0 1 
1	1 0 
2	0.375628 0.624372 
2	0.0308873 0.969113 
2	0.00562106 0.994379 
1	0.999304 0.000695614 
2	0.00368276 0.996317 
1	0.630635 0.369365 
2	0.00355253 0.996447 
2	0.146419 0.853581 
2	0.0120474 0.987953 
1	0.999651 0.000348577 
2	0.000933205 0.999067 
2	0.0198814 0.980119 
2	0.00634123 0.993659 
2	0.209925 0.790075 
2	0.322759 0.677241 
2	0 1 
2	0 1 
2	0.397018 0.602982 
2	0 1 
2	0.0417592 0.958241 
2	0 1 
2	0 1 
2	0.052138 0.947862 
1	0.910262 0.0897384 
2	0.312724 0.687276 
2	0.000378319 0.999622 
2	0.00564242 0.994358 
2	0.0499614 0.950039 
2	0.000422194 0.999578 
2	0.493775 0.506225 
2	0 1 
1	0.538103 0.461897 
2	0 1 
2	0 1 
1	0.967012 0.0329885 
2	0.00410904 0.995891 
2	0.13425 0.86575 
2	0.000210281 0.99979 
2	0 1 
2	0.00130276 0.998697 
1	0.692772 0.307228 
2	0 1 
2	0.00705912 0.992941 
1	1 0 
1	0.999815 0.000185158 
2	0.00775178 0.992248 
2	0.000282537 0.999717 
2	0.00234744 0.997653 
2	0 1 
2	0 1 
2	6.38299e-005 0.999936 
2	0.0144731 0.985527 
2	0 1 
1	0.988278 0.0117219 
2	0.00194016 0.99806 
2	0 1 
1	0.997033 0.00296692 
2	8.08289e-005 0.999919 
2	0.000487188 0.999513 
1	0.99102 0.00898 
2	0 1 
1	0.999633 0.000367333 
2	0.0779991 0.922001 
2	0 1 
2	0.0776809 0.922319 
1	0.999926 7.42819e-005 
2	0.00270147 0.997299 
1	0.989102 0.0108978 
2	0 1 
1	0.999933 6.67125e-005 
2	0 1 
2	0.00214065 0.997859 
1	1 0 
2	0.0252471 0.974753 
2	0 1 
2	0.0447721 0.955228 
2	0 1 
2	0 1 
2	0.0777624 0.922238 
2	0 1 
2	0.315907 0.684093 
1	1 0 
1	1 0 
2	0 1 
1	0.985556 0.0144435 
2	0.00096368 0.999036 
2	0.00221593 0.997784 
2	0 1 
2	4.60649e-005 0.999954 
2	0 1 
2	0 1 
2	0.102667 0.897333 
2	9.02942e-005 0.99991 
2	0 1 
2	0.000330123 0.99967 
2	8.17416e-005 0.999918 
2	7.38965e-005 0.999926 
2	0.176126 0.823874 
1	1 0 
2	0.0011776 0.998822 
2	0.297126 0.702874 
2	7.51758e-005 0.999925 
2	0 1 
1	0.988308 0.0116915 
2	0 1 
2	0.000747249 0.999253 
2	0 1 
2	0.00546637 0.994534 
2	0.000136492 0.999864 
2	5.72616e-005 0.999943 
1	0.997342 0.00265759 
2	8.11972e-005 0.999919 
2	0.0230206 0.976979 
2	0 1 
2	0 1 
1	1 0 
2	0.00606252 0.993937 
2	0.0226454 0.977355 
2	0 1 
2	0.0142497 0.98575 
2	0.40914 0.59086 
1	0.999767 0.000233195 
2	0.435751 0.564249 
2	5.75647e-005 0.999942 
1	0.975736 0.0242636 
2	0 1 
1	0.982754 0.0172459 
2	0.0105173 0.989483 
2	0.00368276 0.996317 
1	1 0 
2	0.0650124 0.934988 
1	0.992953 0.00704673 
2	0 1 
2	6.18303e-005 0.999938 
2	0.00132567 0.998674 
2	0.482886 0.517114 
2	0 1 
1	0.993449 0.00655073 
2	0 1 
2	0.00138042 0.99862 
2	0 1 
2	0 1 
1	1 0 
2	0.0056816 0.994318 
2	0.246967 0.753033 
2	0.342764 0.657236 
2	0.00247232 0.997528 
2	0 1 
2	0 1 
2	0.0150642 0.984936 
2	6.9072e-005 0.999931 
2	0.000494027 0.999506 
2	0.0100482 0.989952 
2	0 1 
1	0.999885 0.000114513 
1	0.599514 0.400486 
1	1 0 
1	1 0 
2	0.0041086 0.995891 
2	5.27618e-005 0.999947 
2	0 1 
2	0.00026506 0.999735 
1	0.999896 0.000104247 
2	0.131045 0.868955 
2	0 1 
1	0.917949 0.0820514 
1	0.999927 7.27742e-005 
2	0.020882 0.979118 
2	0.00166623 0.998334 
2	0.00379414 0.996206 
2	0.0169824 0.983018 
2	6.20335e-005 0.999938 
2	0.00141234 0.998588 
2	0 1 
2	0.10826 0.89174 
2	0 1 
2	0 1 
2	0.00545535 0.994545 
1	1 0 
2	0.00215249 0.997848 
1	0.997784 0.00221607 
1	0.983838 0.0161616 
2	0.000252024 0.999748 
1	0.999939 6.07539e-005 
2	0.0258192 0.974181 
1	0.981809 0.0181911 
1	0.999934 6.61409e-005 
2	0.0529677 0.947032 
2	0.00331495 0.996685 
1	1 0 
2	0.00325683 0.996743 
1	1 0 
1	0.998514 0.00148652 
2	0.0150346 0.984965 
2	0.0385962 0.961404 
2	0.00642543 0.993575 
2	0.000122158 0.999878 
1	0.988431 0.0115694 
2	8.13423e-005 0.999919 
1	0.714572 0.285428 
2	0 1 
1	1 0 
2	0.0030168 0.996983 
2	0.00328823 0.996712 
2	0.00082569 0.999174 
2	0 1 
2	0.00362698 0.996373 
2	6.505e-005 0.999935 
2	0.000131096 0.999869 
2	0.0183555 0.981644 
2	0.00711151 0.992889 
2	0.0370363 0.962964 
2	0.431105 0.568895 
2	0.300739 0.699261 
2	6.76969e-005 0.999932 
1	0.971295 0.0287054 
2	0 1 
2	0.000802885 0.999197 
1	0.807337 0.192663 
