2	-499.7 -486.686 
2	-359.524 -354.248 
2	-499.7 -486.686 
2	-419.49 -415 
1	-1409.96 -1435.2 
2	-239.487 -235.743 
2	-410.089 -409.295 
2	-519.471 -517.032 
2	-294.837 -281.426 
1	-346.075 -349.021 
2	-347.552 -342.947 
2	-776.657 -772.484 
1	-604.031 -611.311 
1	-738.223 -742.154 
2	-366.585 -357.105 
2	-154.595 -149.223 
2	-209.098 -199.018 
1	-542.27 -551.17 
1	-706.979 -708.024 
1	-922.162 -936.781 
2	-236.796 -232.65 
1	-1419.41 -1444.69 
1	-1248.92 -1278.18 
2	-203.572 -201.187 
2	-473.695 -467.362 
2	-292.1 -285.215 
2	-555.447 -551.753 
1	-748.935 -752.921 
2	-335.37 -332.336 
2	-169.116 -158.951 
2	-574.039 -565.522 
2	-226.309 -219.548 
1	-1926.23 -1959.36 
2	-648.332 -646.31 
1	-631.492 -639.728 
2	-372.281 -371.48 
2	-511.254 -508.312 
2	-435.786 -432.017 
2	-391.753 -374.217 
2	-163.197 -157.285 
2	-460.089 -456.978 
2	-212.51 -206.805 
1	-679.726 -682.063 
2	-332.403 -330.027 
2	-661.021 -653.514 
2	-296.003 -286.464 
2	-157.145 -150.478 
2	-639.58 -636.632 
1	-317.188 -319.6 
2	-349.464 -344.62 
2	-423.162 -415.195 
2	-334.175 -329.867 
1	-1124.86 -1133.06 
2	-78.813 -75.8219 
2	-438.416 -433.52 
2	-187.403 -185.45 
2	-869.711 -868.594 
2	-502.915 -502.734 
2	-545.989 -534.511 
2	-592.316 -589.192 
2	-418.121 -416.907 
1	-2252.49 -2302.69 
1	-774.231 -779.327 
1	-1343.08 -1357.92 
2	-523.526 -521.768 
1	-1049.81 -1058.09 
1	-719.457 -725.347 
1	-1276.6 -1292.3 
1	-1099.17 -1121.24 
2	-371.295 -366.915 
2	-399.973 -388.045 
2	-450.091 -447.264 
1	-429.745 -433.681 
2	-208.422 -201.32 
1	-562.937 -566.183 
1	-599.373 -603.296 
2	-90.815 -87.3095 
2	-425.538 -418.609 
2	-238.892 -236.686 
2	-357.841 -357.44 
2	-442.836 -441.711 
2	-155.218 -145.717 
1	-513.74 -514.625 
2	-101.909 -101.232 
1	-1369.65 -1392.64 
2	-383.079 -368.964 
2	-590.013 -583.319 
2	-613.025 -604.531 
2	-264.467 -259.872 
2	-318.922 -316.117 
1	-1923.19 -1977.58 
1	-187.138 -187.448 
2	-406.523 -402.428 
1	-525.383 -531.662 
2	-518.681 -506.678 
1	-511.54 -518.91 
2	-322.074 -321.25 
2	-464.735 -461.302 
1	-888.966 -890.317 
1	-981.083 -984.546 
1	-1415.65 -1444.86 
2	-371.655 -368.669 
2	-296.003 -286.464 
2	-386.208 -381.217 
2	-533.798 -530.937 
1	-436.341 -441.854 
2	-181.088 -178.688 
1	-744.401 -754.95 
2	-380.273 -369.75 
1	-1016.2 -1022.11 
1	-941.318 -956.68 
2	-72.6308 -71.1003 
1	-1343.06 -1357 
2	-717.165 -712.213 
2	-238.892 -236.686 
2	-321.945 -311.411 
1	-1113.96 -1117.63 
2	-332.321 -331.056 
2	-259.056 -255.767 
2	-1068.25 -1057.99 
1	-1209.54 -1223.85 
1	-892.968 -901.571 
2	-376.903 -366.397 
2	-396.195 -391.626 
2	-37.8384 -36.8607 
2	-558.051 -547.372 
1	-1777.58 -1816.69 
2	-560.237 -556.705 
2	-784.83 -783.161 
2	-483.408 -476.362 
1	-869.564 -880.587 
2	-205.505 -201.082 
1	-776.952 -780.133 
2	-469.052 -462.648 
1	-423.613 -424.407 
2	-238.813 -228.561 
1	-464.687 -468.824 
2	-719.117 -714.591 
2	-725.645 -724.42 
1	-599.373 -603.296 
2	-360.477 -353.312 
1	-724.391 -734.403 
2	-397.329 -394.929 
1	-440.477 -443.419 
2	-396.282 -394.689 
2	-490.882 -480.105 
2	-663.472 -661.304 
1	-1257.31 -1262.06 
2	-330.919 -326.98 
2	-285.388 -280.02 
2	-259.258 -250.795 
1	-1266.02 -1284.32 
2	-458.083 -448.223 
1	-466.051 -468.786 
2	-438.195 -430.062 
2	-341.448 -327.988 
2	-264.627 -255.128 
2	-279.79 -271.053 
2	-476.628 -473.043 
2	-144.901 -141.606 
2	-131.01 -126.269 
2	-472.687 -467.833 
2	-231.65 -228.873 
1	-1068.05 -1100.47 
2	-489.444 -482.995 
1	-555.882 -558.459 
1	-921.587 -925.187 
2	-330.999 -318.315 
2	-633.247 -628.186 
2	-352.754 -346.42 
1	-647.679 -651.718 
1	-926.401 -930.258 
2	-485.189 -478.465 
2	-479.878 -472.59 
2	-613.855 -608.56 
1	-550.049 -551.396 
2	-61.5076 -56.7767 
2	-619.678 -618.791 
2	-392.956 -392.483 
2	-479.882 -464.674 
1	-1356.18 -1367.71 
2	-201.444 -200.936 
2	-93.3205 -89.8744 
2	-240.326 -235.151 
1	-1032.54 -1039.81 
2	-387.452 -381.851 
1	-300.348 -300.883 
2	-231.548 -225.912 
2	-287.187 -285.424 
2	-91.4052 -86.9984 
1	-1127.29 -1135.25 
2	-806.266 -799.29 
2	-359.9 -356.003 
2	-174.708 -169.654 
2	-403.803 -402.478 
2	-456.595 -455.854 
2	-410.907 -396.109 
2	-808.037 -797.326 
2	-489.066 -488.648 
2	-444.922 -430.831 
2	-629.159 -626.026 
2	-515.222 -502.723 
2	-196.854 -186.548 
2	-249.811 -246.91 
1	-786.881 -789.198 
2	-857.687 -856.9 
2	-509.129 -501.25 
2	-301.877 -296.705 
2	-468.328 -465.383 
2	-339.313 -331.543 
2	-1058.75 -1058.72 
2	-306.446 -292.47 
1	-553.849 -554.002 
2	-182.52 -172.288 
2	-391.018 -377.893 
1	-510.01 -513.388 
2	-335.77 -330.28 
2	-368.655 -366.791 
2	-645.038 -636.571 
2	-344.264 -334.114 
2	-259.116 -252.474 
1	-887.236 -888.049 
2	-192.803 -182.171 
2	-48.6317 -43.6853 
1	-1053.61 -1073.37 
1	-627.029 -635.623 
2	-694.221 -689.369 
2	-315.952 -307.78 
2	-215.846 -209.794 
2	-444.849 -431.337 
2	-302.06 -288.041 
2	-151.633 -141.974 
2	-642.755 -638.534 
2	-392.982 -378.895 
1	-685.297 -689.732 
2	-1220.19 -1213.95 
2	-337.036 -326.477 
1	-791.739 -797.556 
2	-469.332 -459.909 
2	-417.483 -409.857 
1	-807.451 -812.155 
2	-353 -334.435 
1	-563.268 -571.177 
2	-494.626 -492.157 
2	-180.278 -169.846 
2	-104.612 -102.137 
1	-1288.91 -1298.42 
2	-331.024 -325.113 
1	-814.58 -819.088 
2	-242.955 -231.932 
1	-976.921 -986.536 
2	-166.061 -153.987 
2	-160.672 -154.527 
1	-828.492 -842.594 
2	-424.177 -420.523 
2	-554.052 -541.222 
2	-545.913 -542.853 
2	-314.426 -300.027 
2	-753.846 -740.8 
2	-422.991 -420.518 
2	-146.578 -135.465 
2	-599.482 -598.71 
1	-1192.44 -1212.84 
1	-1301.62 -1323.59 
2	-190.163 -178.66 
1	-711.557 -715.78 
2	-319.539 -312.595 
2	-501.184 -495.075 
2	-186.781 -176.543 
2	-615.562 -605.577 
2	-756.484 -742.198 
2	-267.103 -254.565 
2	-127.97 -125.802 
2	-494.153 -484.841 
2	-288.983 -276.552 
2	-381.864 -373.848 
2	-682.771 -673.36 
2	-185.165 -175.652 
2	-413.653 -412.111 
1	-1011.38 -1025.11 
2	-97.9536 -91.2105 
2	-911.486 -910.625 
2	-319.678 -310.183 
2	-317.887 -306.221 
1	-1032.25 -1036.69 
2	-271.063 -254.771 
2	-274.839 -267.64 
2	-421.154 -409.691 
2	-104.197 -98.9937 
2	-338.318 -329.419 
2	-412.567 -402.799 
1	-504.043 -509.971 
2	-334.745 -325.327 
2	-392.245 -388.497 
2	-493.614 -479.17 
2	-433.305 -417.318 
1	-1155.62 -1184.5 
2	-455.398 -450.298 
2	-894.292 -890.527 
2	-341.601 -329.092 
2	-479.546 -475.31 
2	-383.5 -383.133 
1	-590.226 -598.589 
2	-132.439 -132.181 
2	-478.869 -469.106 
1	-754.541 -758.235 
2	-249.045 -238.916 
1	-617.401 -621.444 
2	-261.421 -256.877 
2	-128.861 -123.261 
1	-1010.7 -1034.71 
2	-225.136 -222.47 
1	-536.348 -541.296 
2	-260.99 -246.242 
2	-251.268 -241.577 
2	-376.163 -369.539 
2	-1191.86 -1191.79 
2	-692.434 -681.746 
1	-741.108 -746.129 
2	-577.112 -566.579 
2	-576.389 -569.805 
2	-166.786 -156.191 
2	-291.395 -278.063 
1	-1238.98 -1251.99 
2	-473.397 -468.233 
2	-181.055 -179.94 
2	-538.358 -537.707 
2	-488.576 -482.576 
2	-330.868 -316.004 
2	-327.916 -313.351 
2	-246.624 -242.444 
2	-170.232 -160.652 
2	-428.624 -421.012 
2	-121.73 -117.14 
2	-449.182 -435.386 
1	-1041.59 -1050.66 
1	-895.284 -895.688 
1	-1252.17 -1268.59 
1	-928.724 -943.989 
2	-145.762 -140.272 
2	-410.175 -400.325 
2	-259.834 -249.685 
2	-110.635 -102.4 
1	-1020.63 -1029.8 
2	-512.4 -510.508 
2	-514.109 -501.237 
1	-219.426 -221.841 
1	-1203.61 -1213.14 
2	-145.198 -141.35 
2	-146.751 -140.355 
2	-401.986 -396.415 
2	-58.2273 -54.1688 
2	-447.464 -437.776 
2	-309.313 -302.752 
2	-305.806 -293.55 
2	-135.864 -133.756 
2	-529.029 -517.096 
2	-172.828 -160.821 
2	-778.127 -772.921 
1	-924.568 -935.887 
2	-452.53 -446.391 
1	-604.967 -611.077 
1	-607.846 -611.955 
2	-147.081 -138.796 
1	-1498 -1507.7 
2	-246.343 -242.713 
1	-336.862 -340.85 
1	-998.16 -1007.78 
2	-231.773 -228.889 
2	-280.94 -275.234 
1	-992.519 -1010.36 
2	-75.1425 -69.4188 
1	-1104.08 -1129.31 
1	-928.815 -935.325 
2	-1009.62 -1005.43 
2	-477.325 -474.11 
2	-180.606 -175.565 
2	-400.296 -391.286 
1	-1094.03 -1098.48 
2	-154.897 -145.48 
1	-496.028 -496.946 
2	-358.796 -347.911 
1	-1023.84 -1039.79 
2	-151.313 -145.512 
2	-196.943 -191.229 
2	-129.119 -122.021 
2	-626.253 -614.527 
2	-485.674 -480.058 
2	-413.806 -404.165 
2	-319.17 -310.23 
2	-65.8992 -61.9199 
2	-246.132 -241.193 
2	-967.346 -964.088 
2	-521.205 -520.928 
2	-202.824 -201.98 
2	-270.244 -260.643 
1	-356.817 -360.339 
2	-510.452 -499.628 
2	-312.748 -305.621 
1	-903.163 -904.596 
